{
  "RSpec": {
    "coverage": {
      "/Users/nickdyer/projects/tubesystem/lib/carriage.rb": [
        1,
        null,
        1,
        23,
        23,
        null,
        null,
        1,
        null,
        1,
        3,
        null,
        null,
        1,
        83,
        82,
        null,
        null,
        1,
        1,
        null,
        null,
        1,
        166,
        null,
        null,
        null
      ],
      "/Users/nickdyer/projects/tubesystem/lib/passenger.rb": [
        1,
        null,
        1,
        null,
        1,
        11,
        null,
        null,
        1,
        10,
        null,
        null,
        1,
        2,
        null,
        null,
        1,
        8,
        7,
        7,
        null,
        null,
        1,
        2,
        1,
        1,
        1,
        null,
        null,
        1,
        4,
        3,
        null,
        null,
        1,
        2,
        1,
        null,
        null,
        1,
        null,
        1,
        3,
        3,
        3,
        null,
        null,
        1,
        1,
        1,
        1,
        null,
        null,
        null,
        null,
        null
      ],
      "/Users/nickdyer/projects/tubesystem/lib/station.rb": [
        1,
        null,
        1,
        7,
        7,
        7,
        null,
        null,
        1,
        4,
        null,
        null,
        1,
        1,
        null,
        null,
        1,
        2,
        null,
        null,
        1,
        1,
        null,
        null,
        1,
        3,
        null,
        null,
        1,
        4,
        null,
        null,
        1,
        1,
        null,
        null,
        null
      ],
      "/Users/nickdyer/projects/tubesystem/lib/train.rb": [
        1,
        null,
        1,
        null,
        1,
        1,
        1,
        1,
        null,
        1,
        6,
        6,
        6,
        24,
        null,
        null,
        1,
        12,
        null,
        null,
        1,
        2,
        null,
        null,
        1,
        2,
        2,
        2,
        null,
        null,
        1,
        2,
        2,
        null,
        null,
        1,
        2,
        1,
        null,
        null,
        null,
        1,
        2,
        null,
        null,
        1,
        1,
        null,
        null,
        null,
        null
      ]
    },
    "timestamp": 1422958354
  }
}
