{
  "RSpec": {
    "coverage": {
      "/Users/nickdyer/projects/tubesystem/lib/carriage.rb": [
        1,
        null,
        1,
        21,
        21,
        null,
        null,
        1,
        null,
        1,
        3,
        null,
        null,
        1,
        83,
        82,
        null,
        null,
        1,
        1,
        null,
        null,
        1,
        166,
        null,
        null,
        null
      ],
      "/Users/nickdyer/projects/tubesystem/lib/passenger.rb": [
        1,
        null,
        1,
        null,
        1,
        11,
        null,
        null,
        1,
        10,
        null,
        null,
        1,
        2,
        null,
        null,
        1,
        8,
        7,
        7,
        null,
        null,
        1,
        2,
        1,
        1,
        1,
        null,
        null,
        1,
        4,
        3,
        null,
        null,
        1,
        2,
        1,
        null,
        null,
        1,
        null,
        1,
        3,
        3,
        3,
        null,
        null,
        1,
        1,
        1,
        1,
        null,
        null,
        null,
        null,
        null
      ],
      "/Users/nickdyer/projects/tubesystem/lib/station.rb": [
        1,
        null,
        1,
        7,
        7,
        7,
        null,
        null,
        1,
        4,
        null,
        null,
        1,
        1,
        null,
        null,
        1,
        2,
        null,
        null,
        1,
        1,
        null,
        null,
        1,
        3,
        null,
        null,
        1,
        4,
        null,
        null,
        1,
        1,
        null,
        null,
        null
      ],
      "/Users/nickdyer/projects/tubesystem/lib/Train.rb": [
        1,
        null,
        1,
        null,
        1,
        1,
        1,
        1,
        null,
        1,
        5,
        5,
        5,
        21,
        null,
        null,
        1,
        10,
        null,
        null,
        1,
        2,
        null,
        null,
        1,
        2,
        2,
        2,
        null,
        null,
        1,
        2,
        2,
        null,
        null,
        1,
        2,
        1,
        null,
        null,
        null,
        1,
        1,
        null,
        null,
        1,
        0,
        null,
        null,
        null,
        null
      ]
    },
    "timestamp": 1422957654
  }
}
